c:\users\82108\source\repos\labprojects\labproject02\x64\debug\vc143.pdb
c:\users\82108\source\repos\labprojects\labproject02\x64\debug\vc143.idb
c:\users\82108\source\repos\labprojects\labproject02\x64\debug\labproject02.obj
c:\users\82108\source\repos\labprojects\labproject02\x64\debug\gameframework.obj
c:\users\82108\source\repos\labprojects\labproject02\x64\debug\stdafx.obj
c:\users\82108\source\repos\labprojects\x64\debug\labproject02.exe
c:\users\82108\source\repos\labprojects\x64\debug\labproject02.pdb
c:\users\82108\source\repos\labprojects\labproject02\x64\debug\labproject02.res
c:\users\82108\source\repos\labprojects\labproject02\x64\debug\labproject02.ilk
c:\users\82108\source\repos\labprojects\labproject02\x64\debug\labproject02.tlog\cl.command.1.tlog
c:\users\82108\source\repos\labprojects\labproject02\x64\debug\labproject02.tlog\cl.items.tlog
c:\users\82108\source\repos\labprojects\labproject02\x64\debug\labproject02.tlog\cl.read.1.tlog
c:\users\82108\source\repos\labprojects\labproject02\x64\debug\labproject02.tlog\cl.write.1.tlog
c:\users\82108\source\repos\labprojects\labproject02\x64\debug\labproject02.tlog\link.command.1.tlog
c:\users\82108\source\repos\labprojects\labproject02\x64\debug\labproject02.tlog\link.read.1.tlog
c:\users\82108\source\repos\labprojects\labproject02\x64\debug\labproject02.tlog\link.secondary.1.tlog
c:\users\82108\source\repos\labprojects\labproject02\x64\debug\labproject02.tlog\link.write.1.tlog
c:\users\82108\source\repos\labprojects\labproject02\x64\debug\labproject02.tlog\rc.command.1.tlog
c:\users\82108\source\repos\labprojects\labproject02\x64\debug\labproject02.tlog\rc.read.1.tlog
c:\users\82108\source\repos\labprojects\labproject02\x64\debug\labproject02.tlog\rc.write.1.tlog
