  Camera.cpp
  GameFramework.cpp
C:\Users\82108\source\repos\StoneShooting\StoneShooting\GameFramework.cpp(467,24): warning C4267: '=': 'size_t'에서 'int'(으)로 변환하면서 데이터가 손실될 수 있습니다.
  (소스 파일 '/GameFramework.cpp'을(를) 컴파일하는 중)
  
C:\Users\82108\source\repos\StoneShooting\StoneShooting\GameFramework.cpp(544,28): warning C4244: '=': 'int'에서 'float'(으)로 변환하면서 데이터가 손실될 수 있습니다.
  (소스 파일 '/GameFramework.cpp'을(를) 컴파일하는 중)
  
C:\Users\82108\source\repos\StoneShooting\StoneShooting\GameFramework.cpp(551,32): warning C4244: '인수': 'int'에서 'float'(으)로 변환하면서 데이터가 손실될 수 있습니다.
  (소스 파일 '/GameFramework.cpp'을(를) 컴파일하는 중)
  
C:\Users\82108\source\repos\StoneShooting\StoneShooting\GameFramework.cpp(859,28): warning C4244: '인수': 'int'에서 'float'(으)로 변환하면서 데이터가 손실될 수 있습니다.
  (소스 파일 '/GameFramework.cpp'을(를) 컴파일하는 중)
  
  GameObject.cpp
  Player.cpp
  Scene.cpp
C:\Users\82108\source\repos\StoneShooting\StoneShooting\Scene.cpp(275,13): warning C4267: '초기화 중': 'size_t'에서 'int'(으)로 변환하면서 데이터가 손실될 수 있습니다.
  (소스 파일 '/Scene.cpp'을(를) 컴파일하는 중)
  
C:\Users\82108\source\repos\StoneShooting\StoneShooting\Scene.cpp(361,13): warning C4267: '초기화 중': 'size_t'에서 'int'(으)로 변환하면서 데이터가 손실될 수 있습니다.
  (소스 파일 '/Scene.cpp'을(를) 컴파일하는 중)
  
  Shader.cpp
C:\Users\82108\source\repos\StoneShooting\StoneShooting\Shader.cpp(398,115): error C2065: 'j': 선언되지 않은 식별자입니다.
  (소스 파일 '/Shader.cpp'을(를) 컴파일하는 중)
  
C:\Users\82108\source\repos\StoneShooting\StoneShooting\Shader.cpp(398,19): error C2660: 'ID3D12GraphicsCommandList::SetGraphicsRootConstantBufferView': 함수는 1개의 인수를 사용하지 않습니다.
  (소스 파일 '/Shader.cpp'을(를) 컴파일하는 중)
  C:\Program Files (x86)\Windows Kits\10\Include\10.0.19041.0\um\d3d12.h(5608,40):
  'ID3D12GraphicsCommandList::SetGraphicsRootConstantBufferView' 선언을 참조하십시오.
  C:\Users\82108\source\repos\StoneShooting\StoneShooting\Shader.cpp(398,19):
  인수 목록 '(int)'을(를) 일치시키는 동안
  
  StoneShooting.cpp
  UI.cpp
C:\Users\82108\source\repos\StoneShooting\StoneShooting\UI.cpp(9,17): warning C4244: '초기화 중': 'LONG'에서 'float'(으)로 변환하면서 데이터가 손실될 수 있습니다.
  (소스 파일 '/UI.cpp'을(를) 컴파일하는 중)
  
C:\Users\82108\source\repos\StoneShooting\StoneShooting\UI.cpp(10,18): warning C4244: '초기화 중': 'LONG'에서 'float'(으)로 변환하면서 데이터가 손실될 수 있습니다.
  (소스 파일 '/UI.cpp'을(를) 컴파일하는 중)
  
C:\Users\82108\source\repos\StoneShooting\StoneShooting\UI.cpp(15,61): warning C4244: '인수': 'float'에서 'int'(으)로 변환하면서 데이터가 손실될 수 있습니다.
  (소스 파일 '/UI.cpp'을(를) 컴파일하는 중)
  
C:\Users\82108\source\repos\StoneShooting\StoneShooting\UI.cpp(15,51): warning C4244: '인수': 'float'에서 'int'(으)로 변환하면서 데이터가 손실될 수 있습니다.
  (소스 파일 '/UI.cpp'을(를) 컴파일하는 중)
  
  코드를 생성하고 있습니다...
C:\Users\82108\source\repos\StoneShooting\StoneShooting\StoneShooting.cpp(63,1): warning C4715: 'wWinMain': 모든 제어 경로에서 값을 반환하지는 않습니다.
C:\Users\82108\source\repos\StoneShooting\StoneShooting\Scene.cpp(17,1): warning C4172: 지역 변수 또는 임시: random_D의 주소를 반환하고 있습니다.
