c:\users\82108\source\repos\labprojects\labproject00\x64\debug\labproject00.pch
c:\users\82108\source\repos\labprojects\labproject00\x64\debug\vc143.pdb
c:\users\82108\source\repos\labprojects\labproject00\x64\debug\vc143.idb
c:\users\82108\source\repos\labprojects\labproject00\x64\debug\stdafx.obj
c:\users\82108\source\repos\labprojects\labproject00\x64\debug\labproject00.obj
c:\users\82108\source\repos\labprojects\x64\debug\labproject00.exe
c:\users\82108\source\repos\labprojects\x64\debug\labproject00.pdb
c:\users\82108\source\repos\labprojects\labproject00\x64\debug\labproject00.res
c:\users\82108\source\repos\labprojects\labproject00\x64\debug\labproject00.ilk
c:\users\82108\source\repos\labprojects\labproject00\x64\debug\labproject00.tlog\cl.command.1.tlog
c:\users\82108\source\repos\labprojects\labproject00\x64\debug\labproject00.tlog\cl.items.tlog
c:\users\82108\source\repos\labprojects\labproject00\x64\debug\labproject00.tlog\cl.read.1.tlog
c:\users\82108\source\repos\labprojects\labproject00\x64\debug\labproject00.tlog\cl.write.1.tlog
c:\users\82108\source\repos\labprojects\labproject00\x64\debug\labproject00.tlog\link.command.1.tlog
c:\users\82108\source\repos\labprojects\labproject00\x64\debug\labproject00.tlog\link.read.1.tlog
c:\users\82108\source\repos\labprojects\labproject00\x64\debug\labproject00.tlog\link.secondary.1.tlog
c:\users\82108\source\repos\labprojects\labproject00\x64\debug\labproject00.tlog\link.write.1.tlog
c:\users\82108\source\repos\labprojects\labproject00\x64\debug\labproject00.tlog\rc.command.1.tlog
c:\users\82108\source\repos\labprojects\labproject00\x64\debug\labproject00.tlog\rc.read.1.tlog
c:\users\82108\source\repos\labprojects\labproject00\x64\debug\labproject00.tlog\rc.write.1.tlog
