c:\users\82108\source\repos\labprojects\labprojects01\x64\debug\vc143.pdb
c:\users\82108\source\repos\labprojects\labprojects01\x64\debug\vc143.idb
c:\users\82108\source\repos\labprojects\labprojects01\x64\debug\stdafx.obj
c:\users\82108\source\repos\labprojects\labprojects01\x64\debug\labprojects01.obj
c:\users\82108\source\repos\labprojects\x64\debug\labproject01.exe
c:\users\82108\source\repos\labprojects\x64\debug\labproject01.pdb
c:\users\82108\source\repos\labprojects\labprojects01\x64\debug\labprojects01.res
c:\users\82108\source\repos\labprojects\labprojects01\x64\debug\labproject01.ilk
c:\users\82108\source\repos\labprojects\labprojects01\x64\debug\labprojects01.ilk
c:\users\82108\source\repos\labprojects\labprojects01\x64\debug\labproject01.tlog\cl.command.1.tlog
c:\users\82108\source\repos\labprojects\labprojects01\x64\debug\labproject01.tlog\cl.items.tlog
c:\users\82108\source\repos\labprojects\labprojects01\x64\debug\labproject01.tlog\cl.read.1.tlog
c:\users\82108\source\repos\labprojects\labprojects01\x64\debug\labproject01.tlog\cl.write.1.tlog
c:\users\82108\source\repos\labprojects\labprojects01\x64\debug\labproject01.tlog\link.command.1.tlog
c:\users\82108\source\repos\labprojects\labprojects01\x64\debug\labproject01.tlog\link.read.1.tlog
c:\users\82108\source\repos\labprojects\labprojects01\x64\debug\labproject01.tlog\link.secondary.1.tlog
c:\users\82108\source\repos\labprojects\labprojects01\x64\debug\labproject01.tlog\link.write.1.tlog
c:\users\82108\source\repos\labprojects\labprojects01\x64\debug\labproject01.tlog\rc.command.1.tlog
c:\users\82108\source\repos\labprojects\labprojects01\x64\debug\labproject01.tlog\rc.read.1.tlog
c:\users\82108\source\repos\labprojects\labprojects01\x64\debug\labproject01.tlog\rc.write.1.tlog
